<?xml version="1.0" encoding="UTF-8"?>
<!-- Generated by org.testng.reporters.JUnitReportReporter -->
<testsuite hostname="DESKTOP-6VDSDNJ" failures="1" tests="1" name="testRunner.TestRunnerClass" time="4.296" errors="0" timestamp="2023-01-01T15:36:35 IST" skipped="0">
  <testcase classname="testRunner.TestRunnerClass" name="runScenario" time="4.296">
    <failure message="expected [true] but found [false]" type="java.lang.AssertionError">
      <![CDATA[java.lang.AssertionError: expected [true] but found [false]
at org.testng.Assert.fail(Assert.java:99)
at org.testng.Assert.failNotEquals(Assert.java:1037)
at org.testng.Assert.assertTrue(Assert.java:45)
at org.testng.Assert.assertTrue(Assert.java:55)
at StepDefination.steps.home_page_should_be_displayed(steps.java:54)
at âœ½.Home page should be displayed(file:///C:/Users/Public/com.Tyspltd_cucumber/Featurefile/Login.feature:11)
]]>
    </failure>
  </testcase> <!-- runScenario -->
  <system-out/>
</testsuite> <!-- testRunner.TestRunnerClass -->
